\BOOKMARK [1][-]{section.1}{Properties of Discrete Signals}{}% 1
\BOOKMARK [2][-]{subsection.1.1}{Periodicity}{section.1}% 2
\BOOKMARK [2][-]{subsection.1.2}{Boundedness}{section.1}% 3
\BOOKMARK [2][-]{subsection.1.3}{Causality}{section.1}% 4
\BOOKMARK [2][-]{subsection.1.4}{Symmetry}{section.1}% 5
\BOOKMARK [1][-]{section.2}{Properties of Discrete-Domain Systems}{}% 6
\BOOKMARK [2][-]{subsection.2.1}{Causality}{section.2}% 7
\BOOKMARK [2][-]{subsection.2.2}{Linearity}{section.2}% 8
\BOOKMARK [2][-]{subsection.2.3}{Shift-Invariance \(a.k.a. Time-Invariance\)}{section.2}% 9
\BOOKMARK [2][-]{subsection.2.4}{Bounded Input Bounded Output \(BIBO\) Stability}{section.2}% 10
\BOOKMARK [1][-]{section.3}{Kronecker Delta \(a.k.a. Delta Sequence, Unit Sample Sequence\)}{}% 11
\BOOKMARK [2][-]{subsection.3.1}{Decomposition of Discrete Signals with Shifted Deltas}{section.3}% 12
\BOOKMARK [2][-]{subsection.3.2}{Sampling Property}{section.3}% 13
\BOOKMARK [2][-]{subsection.3.3}{Sifting Property}{section.3}% 14
\BOOKMARK [2][-]{subsection.3.4}{Scaling Property}{section.3}% 15
\BOOKMARK [1][-]{section.4}{Dirac Delta \(a.k.a. Unit Impulse Function\)}{}% 16
\BOOKMARK [2][-]{subsection.4.1}{Decomposition of Continuous Signals with Shifted Deltas}{section.4}% 17
\BOOKMARK [2][-]{subsection.4.2}{Sampling Property}{section.4}% 18
\BOOKMARK [2][-]{subsection.4.3}{Sifting Property}{section.4}% 19
\BOOKMARK [2][-]{subsection.4.4}{Scaling Property}{section.4}% 20
\BOOKMARK [2][-]{subsection.4.5}{Kronecker vs. Dirac}{section.4}% 21
\BOOKMARK [1][-]{section.5}{Complex Numbers and Euler's Formula}{}% 22
