This is pdfTeX, Version 3.1415926-2.4-1.40.13 (MiKTeX 2.9 64-bit) (preloaded format=pdflatex 2013.9.12)  10 DEC 2013 15:05
entering extended mode
**Solution9.tex
(C:\Users\EECS-User\Dropbox\GSI\homeworks_and_solutions\hmwk9\Solution9.tex
LaTeX2e <2011/06/27>
Babel <v3.8m> and hyphenation patterns for english, afrikaans, ancientgreek, ar
abic, armenian, assamese, basque, bengali, bokmal, bulgarian, catalan, coptic, 
croatian, czech, danish, dutch, esperanto, estonian, farsi, finnish, french, ga
lician, german, german-x-2012-05-30, greek, gujarati, hindi, hungarian, iceland
ic, indonesian, interlingua, irish, italian, kannada, kurmanji, latin, latvian,
 lithuanian, malayalam, marathi, mongolian, mongolianlmc, monogreek, ngerman, n
german-x-2012-05-30, nynorsk, oriya, panjabi, pinyin, polish, portuguese, roman
ian, russian, sanskrit, serbian, slovak, slovenian, spanish, swedish, swissgerm
an, tamil, telugu, turkish, turkmen, ukenglish, ukrainian, uppersorbian, usengl
ishmax, welsh, loaded.
(C:\Users\EECS-User\Dropbox\GSI\homeworks_and_solutions\hmwk9\siamltex.cls
Document Class: siamltex 1996/10/11 v1.2 LaTeX document class
("C:\Program Files\MikTex\tex\latex\base\leqno.clo"
File: leqno.clo 1998/08/17 v1.1c Standard LaTeX option (left equation numbers)
)
(C:\Users\EECS-User\Dropbox\GSI\homeworks_and_solutions\hmwk9\siam10.clo
File: siam10.clo 1994/10/01 v1.0 SIAM LaTeX file (size option)
)
\c@section=\count79
\c@subsection=\count80
\c@subsubsection=\count81
\c@paragraph=\count82
\c@subparagraph=\count83
\c@rmnum=\count84
\c@muni=\count85
\c@theorem=\count86
\c@figure=\count87
\c@table=\count88
\abovecaptionskip=\skip41
\belowcaptionskip=\skip42
\bibindent=\dimen102
)
("C:\Program Files\MikTex\tex\latex\graphics\graphics.sty"
Package: graphics 2009/02/05 v1.0o Standard LaTeX Graphics (DPC,SPQR)

("C:\Program Files\MikTex\tex\latex\graphics\trig.sty"
Package: trig 1999/03/16 v1.09 sin cos tan (DPC)
)
("C:\Program Files\MikTex\tex\latex\00miktex\graphics.cfg"
File: graphics.cfg 2007/01/18 v1.5 graphics configuration of teTeX/TeXLive
)
Package graphics Info: Driver file: pdftex.def on input line 91.

("C:\Program Files\MikTex\tex\latex\pdftex-def\pdftex.def"
File: pdftex.def 2011/05/27 v0.06d Graphics/color for pdfTeX

("C:\Program Files\MikTex\tex\generic\oberdiek\infwarerr.sty"
Package: infwarerr 2010/04/08 v1.3 Providing info/warning/error messages (HO)
)
("C:\Program Files\MikTex\tex\generic\oberdiek\ltxcmds.sty"
Package: ltxcmds 2011/11/09 v1.22 LaTeX kernel commands for general use (HO)
)
\Gread@gobject=\count89
))
("C:\Program Files\MikTex\tex\latex\amsfonts\amssymb.sty"
Package: amssymb 2013/01/14 v3.01 AMS font symbols

("C:\Program Files\MikTex\tex\latex\amsfonts\amsfonts.sty"
Package: amsfonts 2013/01/14 v3.01 Basic AMSFonts support
\@emptytoks=\toks14
\symAMSa=\mathgroup4
\symAMSb=\mathgroup5
LaTeX Font Info:    Overwriting math alphabet `\mathfrak' in version `bold'
(Font)                  U/euf/m/n --> U/euf/b/n on input line 106.
))
("C:\Program Files\MikTex\tex\latex\amsmath\amsmath.sty"
Package: amsmath 2013/01/14 v2.14 AMS math features
\@mathmargin=\skip43

For additional information on amsmath, use the `?' option.
("C:\Program Files\MikTex\tex\latex\amsmath\amstext.sty"
Package: amstext 2000/06/29 v2.01

("C:\Program Files\MikTex\tex\latex\amsmath\amsgen.sty"
File: amsgen.sty 1999/11/30 v2.0
\@emptytoks=\toks15
\ex@=\dimen103
))
("C:\Program Files\MikTex\tex\latex\amsmath\amsbsy.sty"
Package: amsbsy 1999/11/29 v1.2d
\pmbraise@=\dimen104
)
("C:\Program Files\MikTex\tex\latex\amsmath\amsopn.sty"
Package: amsopn 1999/12/14 v2.01 operator names
)
\inf@bad=\count90
LaTeX Info: Redefining \frac on input line 210.
\uproot@=\count91
\leftroot@=\count92
LaTeX Info: Redefining \overline on input line 306.
\classnum@=\count93
\DOTSCASE@=\count94
LaTeX Info: Redefining \ldots on input line 378.
LaTeX Info: Redefining \dots on input line 381.
LaTeX Info: Redefining \cdots on input line 466.
\Mathstrutbox@=\box26
\strutbox@=\box27
\big@size=\dimen105
LaTeX Font Info:    Redeclaring font encoding OML on input line 566.
LaTeX Font Info:    Redeclaring font encoding OMS on input line 567.
\macc@depth=\count95
\c@MaxMatrixCols=\count96
\dotsspace@=\muskip10
\c@parentequation=\count97
\dspbrk@lvl=\count98
\tag@help=\toks16
\row@=\count99
\column@=\count100
\maxfields@=\count101
\andhelp@=\toks17
\eqnshift@=\dimen106
\alignsep@=\dimen107
\tagshift@=\dimen108
\tagwidth@=\dimen109
\totwidth@=\dimen110
\lineht@=\dimen111
\@envbody=\toks18
\multlinegap=\skip44
\multlinetaggap=\skip45
\mathdisplay@stack=\toks19
LaTeX Info: Redefining \[ on input line 2665.
LaTeX Info: Redefining \] on input line 2666.
)
("C:\Program Files\MikTex\tex\latex\graphics\epsfig.sty"
Package: epsfig 1999/02/16 v1.7a (e)psfig emulation (SPQR)

("C:\Program Files\MikTex\tex\latex\graphics\graphicx.sty"
Package: graphicx 1999/02/16 v1.0f Enhanced LaTeX Graphics (DPC,SPQR)

("C:\Program Files\MikTex\tex\latex\graphics\keyval.sty"
Package: keyval 1999/03/16 v1.13 key=value parser (DPC)
\KV@toks@=\toks20
)
\Gin@req@height=\dimen112
\Gin@req@width=\dimen113
)
\epsfxsize=\dimen114
\epsfysize=\dimen115
)
("C:\Program Files\MikTex\tex\latex\hyperref\hyperref.sty"
Package: hyperref 2012/11/06 v6.83m Hypertext links for LaTeX

("C:\Program Files\MikTex\tex\generic\oberdiek\hobsub-hyperref.sty"
Package: hobsub-hyperref 2012/04/25 v1.12 Bundle oberdiek, subset hyperref (HO)


("C:\Program Files\MikTex\tex\generic\oberdiek\hobsub-generic.sty"
Package: hobsub-generic 2012/04/25 v1.12 Bundle oberdiek, subset generic (HO)
Package: hobsub 2012/04/25 v1.12 Construct package bundles (HO)
Package hobsub Info: Skipping package `infwarerr' (already loaded).
Package hobsub Info: Skipping package `ltxcmds' (already loaded).
Package: ifluatex 2010/03/01 v1.3 Provides the ifluatex switch (HO)
Package ifluatex Info: LuaTeX not detected.
Package: ifvtex 2010/03/01 v1.5 Detect VTeX and its facilities (HO)
Package ifvtex Info: VTeX not detected.
Package: intcalc 2007/09/27 v1.1 Expandable calculations with integers (HO)
Package: ifpdf 2011/01/30 v2.3 Provides the ifpdf switch (HO)
Package ifpdf Info: pdfTeX in PDF mode is detected.
Package: etexcmds 2011/02/16 v1.5 Avoid name clashes with e-TeX commands (HO)
Package etexcmds Info: Could not find \expanded.
(etexcmds)             That can mean that you are not using pdfTeX 1.50 or
(etexcmds)             that some package has redefined \expanded.
(etexcmds)             In the latter case, load this package earlier.
Package: kvsetkeys 2012/04/25 v1.16 Key value parser (HO)
Package: kvdefinekeys 2011/04/07 v1.3 Define keys (HO)
Package: pdftexcmds 2011/11/29 v0.20 Utility functions of pdfTeX for LuaTeX (HO
)
Package pdftexcmds Info: LuaTeX not detected.
Package pdftexcmds Info: \pdf@primitive is available.
Package pdftexcmds Info: \pdf@ifprimitive is available.
Package pdftexcmds Info: \pdfdraftmode found.
Package: pdfescape 2011/11/25 v1.13 Implements pdfTeX's escape features (HO)
Package: bigintcalc 2012/04/08 v1.3 Expandable calculations on big integers (HO
)
Package: bitset 2011/01/30 v1.1 Handle bit-vector datatype (HO)
Package: uniquecounter 2011/01/30 v1.2 Provide unlimited unique counter (HO)
)
Package hobsub Info: Skipping package `hobsub' (already loaded).
Package: letltxmacro 2010/09/02 v1.4 Let assignment for LaTeX macros (HO)
Package: hopatch 2011/06/24 v1.1 Wrapper for package hooks (HO)
Package: xcolor-patch 2011/01/30 xcolor patch
Package: atveryend 2011/06/30 v1.8 Hooks at the very end of document (HO)
Package atveryend Info: \enddocument detected (standard20110627).
Package: atbegshi 2011/10/05 v1.16 At begin shipout hook (HO)
Package: refcount 2011/10/16 v3.4 Data extraction from label references (HO)
Package: hycolor 2011/01/30 v1.7 Color options for hyperref/bookmark (HO)
)
("C:\Program Files\MikTex\tex\generic\ifxetex\ifxetex.sty"
Package: ifxetex 2010/09/12 v0.6 Provides ifxetex conditional
)
("C:\Program Files\MikTex\tex\latex\oberdiek\auxhook.sty"
Package: auxhook 2011/03/04 v1.3 Hooks for auxiliary files (HO)
)
("C:\Program Files\MikTex\tex\latex\oberdiek\kvoptions.sty"
Package: kvoptions 2011/06/30 v3.11 Key value format for package options (HO)
)
\@linkdim=\dimen116
\Hy@linkcounter=\count102
\Hy@pagecounter=\count103

("C:\Program Files\MikTex\tex\latex\hyperref\pd1enc.def"
File: pd1enc.def 2012/11/06 v6.83m Hyperref: PDFDocEncoding definition (HO)
)
\Hy@SavedSpaceFactor=\count104

("C:\Program Files\MikTex\tex\latex\00miktex\hyperref.cfg"
File: hyperref.cfg 2002/06/06 v1.2 hyperref configuration of TeXLive
)
Package hyperref Info: Hyper figures OFF on input line 4443.
Package hyperref Info: Link nesting OFF on input line 4448.
Package hyperref Info: Hyper index ON on input line 4451.
Package hyperref Info: Plain pages OFF on input line 4458.
Package hyperref Info: Backreferencing OFF on input line 4463.
Package hyperref Info: Implicit mode ON; LaTeX internals redefined.
Package hyperref Info: Bookmarks ON on input line 4688.
\c@Hy@tempcnt=\count105

("C:\Program Files\MikTex\tex\latex\ltxmisc\url.sty"
\Urlmuskip=\muskip11
Package: url 2006/04/12  ver 3.3  Verb mode for urls, etc.
)
LaTeX Info: Redefining \url on input line 5041.
\XeTeXLinkMargin=\dimen117
\Fld@menulength=\count106
\Field@Width=\dimen118
\Fld@charsize=\dimen119
Package hyperref Info: Hyper figures OFF on input line 6295.
Package hyperref Info: Link nesting OFF on input line 6300.
Package hyperref Info: Hyper index ON on input line 6303.
Package hyperref Info: backreferencing OFF on input line 6310.
Package hyperref Info: Link coloring OFF on input line 6315.
Package hyperref Info: Link coloring with OCG OFF on input line 6320.
Package hyperref Info: PDF/A mode OFF on input line 6325.
LaTeX Info: Redefining \ref on input line 6365.
LaTeX Info: Redefining \pageref on input line 6369.
\Hy@abspage=\count107
\c@Item=\count108
\c@Hfootnote=\count109
)

Package hyperref Message: Driver (autodetected): hpdftex.

("C:\Program Files\MikTex\tex\latex\hyperref\hpdftex.def"
File: hpdftex.def 2012/11/06 v6.83m Hyperref driver for pdfTeX
\Fld@listcount=\count110
\c@bookmark@seq@number=\count111

("C:\Program Files\MikTex\tex\latex\oberdiek\rerunfilecheck.sty"
Package: rerunfilecheck 2011/04/15 v1.7 Rerun checks for auxiliary files (HO)
Package uniquecounter Info: New unique counter `rerunfilecheck' on input line 2
82.
)
\Hy@SectionHShift=\skip46
)
("C:\Program Files\MikTex\tex\latex\tools\verbatim.sty"
Package: verbatim 2003/08/22 v1.5q LaTeX2e package for verbatim enhancements
\every@verbatim=\toks21
\verbatim@line=\toks22
\verbatim@in@stream=\read1
)
(C:\Users\EECS-User\Dropbox\GSI\homeworks_and_solutions\hmwk9\Solution9.aux)
LaTeX Font Info:    Checking defaults for OML/cmm/m/it on input line 80.
LaTeX Font Info:    ... okay on input line 80.
LaTeX Font Info:    Checking defaults for T1/cmr/m/n on input line 80.
LaTeX Font Info:    ... okay on input line 80.
LaTeX Font Info:    Checking defaults for OT1/cmr/m/n on input line 80.
LaTeX Font Info:    ... okay on input line 80.
LaTeX Font Info:    Checking defaults for OMS/cmsy/m/n on input line 80.
LaTeX Font Info:    ... okay on input line 80.
LaTeX Font Info:    Checking defaults for OMX/cmex/m/n on input line 80.
LaTeX Font Info:    ... okay on input line 80.
LaTeX Font Info:    Checking defaults for U/cmr/m/n on input line 80.
LaTeX Font Info:    ... okay on input line 80.
LaTeX Font Info:    Checking defaults for PD1/pdf/m/n on input line 80.
LaTeX Font Info:    ... okay on input line 80.
\AtBeginShipoutBox=\box28
Package hyperref Info: Link coloring OFF on input line 80.

("C:\Program Files\MikTex\tex\latex\hyperref\nameref.sty"
Package: nameref 2012/10/27 v2.43 Cross-referencing by name of section

("C:\Program Files\MikTex\tex\generic\oberdiek\gettitlestring.sty"
Package: gettitlestring 2010/12/03 v1.4 Cleanup title references (HO)
)
\c@section@level=\count112
)
LaTeX Info: Redefining \ref on input line 80.
LaTeX Info: Redefining \pageref on input line 80.
LaTeX Info: Redefining \nameref on input line 80.

(C:\Users\EECS-User\Dropbox\GSI\homeworks_and_solutions\hmwk9\Solution9.out)
(C:\Users\EECS-User\Dropbox\GSI\homeworks_and_solutions\hmwk9\Solution9.out)
\@outlinefile=\write3


LaTeX Warning: NO \author GIVEN.

LaTeX Font Info:    Try loading font information for U+msa on input line 99.
("C:\Program Files\MikTex\tex\latex\amsfonts\umsa.fd"
File: umsa.fd 2013/01/14 v3.01 AMS symbols A
)
LaTeX Font Info:    Try loading font information for U+msb on input line 99.

("C:\Program Files\MikTex\tex\latex\amsfonts\umsb.fd"
File: umsb.fd 2013/01/14 v3.01 AMS symbols B
) [1

{C:/Users/EECS-User/AppData/Local/MiKTeX/2.9/pdftex/config/pdftex.map}]
<hw93b10-eps-converted-to.pdf, id=20, 562.1pt x 420.57124pt>
File: hw93b10-eps-converted-to.pdf Graphic file (type pdf)

<use hw93b10-eps-converted-to.pdf>
Package pdftex.def Info: hw93b10-eps-converted-to.pdf used on input line 144.
(pdftex.def)             Requested size: 296.30812pt x 221.70164pt.

<hw93b50-eps-converted-to.pdf, id=21, 562.1pt x 420.57124pt>
Underfull \vbox (badness 10000) has occurred while \output is active []

 [2]
File: hw93b50-eps-converted-to.pdf Graphic file (type pdf)

<use hw93b50-eps-converted-to.pdf>
Package pdftex.def Info: hw93b50-eps-converted-to.pdf used on input line 147.
(pdftex.def)             Requested size: 296.30812pt x 221.70164pt.

<hw9windows.pdf, id=30, 665.48625pt x 716.6775pt>
File: hw9windows.pdf Graphic file (type pdf)
 <use hw9windows.pdf>
Package pdftex.def Info: hw9windows.pdf used on input line 157.
(pdftex.def)             Requested size: 296.30812pt x 319.10092pt.

Underfull \vbox (badness 10000) has occurred while \output is active []

 [3 <C:/Users/EECS-User/Dropbox/GSI/homeworks_and_solutions/hmwk9/hw93b10-eps-c
onverted-to.pdf> <C:/Users/EECS-User/Dropbox/GSI/homeworks_and_solutions/hmwk9/
hw93b50-eps-converted-to.pdf>] [4 <C:/Users/EECS-User/Dropbox/GSI/homeworks_and
_solutions/hmwk9/hw9windows.pdf>]
<hw94hamming-eps-converted-to.pdf, id=65, 562.1pt x 420.57124pt>
File: hw94hamming-eps-converted-to.pdf Graphic file (type pdf)

<use hw94hamming-eps-converted-to.pdf>
Package pdftex.def Info: hw94hamming-eps-converted-to.pdf used on input line 16
8.
(pdftex.def)             Requested size: 185.19186pt x 138.56433pt.

<hw94kaiser-eps-converted-to.pdf, id=66, 562.1pt x 420.57124pt>
File: hw94kaiser-eps-converted-to.pdf Graphic file (type pdf)

<use hw94kaiser-eps-converted-to.pdf>
Package pdftex.def Info: hw94kaiser-eps-converted-to.pdf used on input line 171
.
(pdftex.def)             Requested size: 185.19186pt x 138.56433pt.

<hw94rect-eps-converted-to.pdf, id=67, 562.1pt x 420.57124pt>
File: hw94rect-eps-converted-to.pdf Graphic file (type pdf)

<use hw94rect-eps-converted-to.pdf>
Package pdftex.def Info: hw94rect-eps-converted-to.pdf used on input line 174.
(pdftex.def)             Requested size: 185.19186pt x 138.56433pt.
 [5 <C:/Users/EECS-User/Dropbox/GSI/homeworks_and_solutions/hmwk9/hw94hamming-e
ps-converted-to.pdf> <C:/Users/EECS-User/Dropbox/GSI/homeworks_and_solutions/hm
wk9/hw94kaiser-eps-converted-to.pdf> <C:/Users/EECS-User/Dropbox/GSI/homeworks_
and_solutions/hmwk9/hw94rect-eps-converted-to.pdf>] <notch_approx_freq_response
.png, id=106, 421.575pt x 316.18124pt>
File: notch_approx_freq_response.png Graphic file (type png)

<use notch_approx_freq_response.png>
Package pdftex.def Info: notch_approx_freq_response.png used on input line 209.

(pdftex.def)             Requested size: 296.30812pt x 222.23236pt.

<notch_pole_zero.png, id=107, 421.575pt x 316.18124pt>
File: notch_pole_zero.png Graphic file (type png)

<use notch_pole_zero.png>
Package pdftex.def Info: notch_pole_zero.png used on input line 211.
(pdftex.def)             Requested size: 296.30812pt x 222.23236pt.
 [6 <C:/Users/EECS-User/Dropbox/GSI/homeworks_and_solutions/hmwk9/notch_approx_
freq_response.png (PNG copy)>]
<notch_freq_response.png, id=116, 421.575pt x 316.18124pt>
File: notch_freq_response.png Graphic file (type png)

<use notch_freq_response.png>
Package pdftex.def Info: notch_freq_response.png used on input line 224.
(pdftex.def)             Requested size: 296.30812pt x 222.23236pt.
Package atveryend Info: Empty hook `BeforeClearDocument' on input line 233.
 [7 <C:/Users/EECS-User/Dropbox/GSI/homeworks_and_solutions/hmwk9/notch_pole_ze
ro.png (PNG copy)> <C:/Users/EECS-User/Dropbox/GSI/homeworks_and_solutions/hmwk
9/notch_freq_response.png (PNG copy)>]
Package atveryend Info: Empty hook `AfterLastShipout' on input line 233.

(C:\Users\EECS-User\Dropbox\GSI\homeworks_and_solutions\hmwk9\Solution9.aux)
Package atveryend Info: Executing hook `AtVeryEndDocument' on input line 233.
Package atveryend Info: Executing hook `AtEndAfterFileList' on input line 233.
Package rerunfilecheck Info: File `Solution9.out' has not changed.
(rerunfilecheck)             Checksum: D41D8CD98F00B204E9800998ECF8427E;0.
Package atveryend Info: Empty hook `AtVeryVeryEnd' on input line 233.
 ) 
Here is how much of TeX's memory you used:
 5755 strings out of 493921
 82360 string characters out of 3148874
 166011 words of memory out of 3000000
 8983 multiletter control sequences out of 15000+200000
 6114 words of font info for 25 fonts, out of 3000000 for 9000
 841 hyphenation exceptions out of 8191
 30i,9n,26p,661b,549s stack positions out of 5000i,500n,10000p,200000b,50000s
<C:/Program Files/MikTex/fonts/type1/public/amsfonts/cm/cmbx10.pfb><C:/Progra
m Files/MikTex/fonts/type1/public/amsfonts/cm/cmex10.pfb><C:/Program Files/MikT
ex/fonts/type1/public/amsfonts/cm/cmmi10.pfb><C:/Program Files/MikTex/fonts/typ
e1/public/amsfonts/cm/cmmi5.pfb><C:/Program Files/MikTex/fonts/type1/public/ams
fonts/cm/cmmi7.pfb><C:/Program Files/MikTex/fonts/type1/public/amsfonts/cm/cmr1
0.pfb><C:/Program Files/MikTex/fonts/type1/public/amsfonts/cm/cmr7.pfb><C:/Prog
ram Files/MikTex/fonts/type1/public/amsfonts/cm/cmr8.pfb><C:/Program Files/MikT
ex/fonts/type1/public/amsfonts/cm/cmsy10.pfb><C:/Program Files/MikTex/fonts/typ
e1/public/amsfonts/cm/cmsy7.pfb><C:/Program Files/MikTex/fonts/type1/public/ams
fonts/cm/cmtt10.pfb>
Output written on Solution9.pdf (7 pages, 244023 bytes).
PDF statistics:
 163 PDF objects out of 1000 (max. 8388607)
 19 named destinations out of 1000 (max. 500000)
 46 words of extra memory for PDF output out of 10000 (max. 10000000)

